2025-07-11 16:39:25,137 - app.services.cv_service - WARNING - Error reading CV data file generated/f72a9fdf-9e91-428e-acb6-6e20ff913141_data.json: 'data'
2025-07-11 16:39:25,137 - app.services.cv_service - WARNING - Error reading CV data file generated/eb5a63f2-d012-4145-980b-51fda3ad8553_data.json: 'data'
2025-07-11 16:39:25,137 - app.services.cv_service - WARNING - Error reading CV data file generated/da66ca81-d3e2-4406-815d-4efd9f7105c4_data.json: 'data'
2025-07-11 16:39:25,138 - app.services.cv_service - WARNING - Error reading CV data file generated/1272a11f-2ca9-4978-bb69-a827fa49658a_data.json: 'data'
2025-07-11 16:39:25,138 - app.services.cv_service - WARNING - Error reading CV data file generated/1db9741a-b0d0-480e-8023-c17c15a42090_data.json: 'data'
2025-07-11 16:39:25,138 - app.services.cv_service - WARNING - Error reading CV data file generated/d3f0d65a-f238-46f9-9900-d2a4e60827df_data.json: 'metadata'
2025-07-11 16:39:25,138 - app.services.cv_service - WARNING - Error reading CV data file generated/e65f407d-2369-44e1-8046-6cd7cb807d75_data.json: 'data'
2025-07-11 16:39:25,138 - app.services.cv_service - WARNING - Error reading CV data file generated/6a3dea76-b572-4c4b-a1ab-5149142b11e6_data.json: 'data'
2025-07-11 16:39:25,139 - app.services.cv_service - WARNING - Error reading CV data file generated/e0807893-fdf8-49a5-8e53-03299355e32b_data.json: 'metadata'
2025-07-11 16:41:39,073 - app.services.cv_service - INFO - CV generated successfully with ID: 9e4646de-6701-47fe-b290-1bc521ee4989
2025-07-11 16:41:39,095 - main_v2 - INFO - CV generated successfully: 9e4646de-6701-47fe-b290-1bc521ee4989
2025-07-11 16:42:02,984 - main_v2 - INFO - PDF generated successfully for CV: 9e4646de-6701-47fe-b290-1bc521ee4989
2025-07-11 16:43:38,805 - app.services.cv_service - WARNING - Error reading CV data file generated/f72a9fdf-9e91-428e-acb6-6e20ff913141_data.json: 'data'
2025-07-11 16:43:38,806 - app.services.cv_service - WARNING - Error reading CV data file generated/eb5a63f2-d012-4145-980b-51fda3ad8553_data.json: 'data'
2025-07-11 16:43:38,806 - app.services.cv_service - WARNING - Error reading CV data file generated/da66ca81-d3e2-4406-815d-4efd9f7105c4_data.json: 'data'
2025-07-11 16:43:38,807 - app.services.cv_service - WARNING - Error reading CV data file generated/1272a11f-2ca9-4978-bb69-a827fa49658a_data.json: 'data'
2025-07-11 16:43:38,807 - app.services.cv_service - WARNING - Error reading CV data file generated/a285f96f-2bac-4d58-887e-adb6888354cc_data.json: 'data'
2025-07-11 16:43:38,807 - app.services.cv_service - WARNING - Error reading CV data file generated/1db9741a-b0d0-480e-8023-c17c15a42090_data.json: 'data'
2025-07-11 16:43:38,807 - app.services.cv_service - WARNING - Error reading CV data file generated/d3f0d65a-f238-46f9-9900-d2a4e60827df_data.json: 'metadata'
2025-07-11 16:43:38,807 - app.services.cv_service - WARNING - Error reading CV data file generated/e65f407d-2369-44e1-8046-6cd7cb807d75_data.json: 'data'
2025-07-11 16:43:38,807 - app.services.cv_service - WARNING - Error reading CV data file generated/6a3dea76-b572-4c4b-a1ab-5149142b11e6_data.json: 'data'
2025-07-11 16:43:38,808 - app.services.cv_service - WARNING - Error reading CV data file generated/e0807893-fdf8-49a5-8e53-03299355e32b_data.json: 'metadata'
2025-07-11 16:52:38,448 - app.services.cv_service - WARNING - Error reading CV data file generated/f72a9fdf-9e91-428e-acb6-6e20ff913141_data.json: 'data'
2025-07-11 16:52:38,448 - app.services.cv_service - WARNING - Error reading CV data file generated/eb5a63f2-d012-4145-980b-51fda3ad8553_data.json: 'data'
2025-07-11 16:52:38,449 - app.services.cv_service - WARNING - Error reading CV data file generated/da66ca81-d3e2-4406-815d-4efd9f7105c4_data.json: 'data'
2025-07-11 16:52:38,449 - app.services.cv_service - WARNING - Error reading CV data file generated/1272a11f-2ca9-4978-bb69-a827fa49658a_data.json: 'data'
2025-07-11 16:52:38,449 - app.services.cv_service - WARNING - Error reading CV data file generated/a285f96f-2bac-4d58-887e-adb6888354cc_data.json: 'data'
2025-07-11 16:52:38,450 - app.services.cv_service - WARNING - Error reading CV data file generated/1db9741a-b0d0-480e-8023-c17c15a42090_data.json: 'data'
2025-07-11 16:52:38,450 - app.services.cv_service - WARNING - Error reading CV data file generated/d3f0d65a-f238-46f9-9900-d2a4e60827df_data.json: 'metadata'
2025-07-11 16:52:38,450 - app.services.cv_service - WARNING - Error reading CV data file generated/e65f407d-2369-44e1-8046-6cd7cb807d75_data.json: 'data'
2025-07-11 16:52:38,451 - app.services.cv_service - WARNING - Error reading CV data file generated/6a3dea76-b572-4c4b-a1ab-5149142b11e6_data.json: 'data'
2025-07-11 16:52:38,451 - app.services.cv_service - WARNING - Error reading CV data file generated/e0807893-fdf8-49a5-8e53-03299355e32b_data.json: 'metadata'
2025-07-11 17:02:47,639 - app.services.cv_service - INFO - CV generated successfully with ID: 3b2a7760-dd82-4bed-ad49-56b3de461d3d
2025-07-11 17:02:47,662 - main - INFO - CV generated successfully: 3b2a7760-dd82-4bed-ad49-56b3de461d3d
